<?xml version="1.0" encoding="UTF-8"?>
<!-- Generated by org.testng.reporters.JUnitReportReporter -->
<testsuite skipped="0" hostname="VAIO" name="test.ExecuteTest" tests="1" failures="0" timestamp="17 Nov 2017 06:14:11 GMT" time="14.119" errors="0">
  <testcase name="search" time="14.119" classname="test.ExecuteTest"/>
</testsuite> <!-- test.ExecuteTest -->
